<?xml version="1.0" encoding="UTF-8"?>
<testng-results ignored="0" total="1" passed="1" failed="0" skipped="0">
  <reporter-output>
  </reporter-output>
  <suite started-at="2023-08-01T13:39:53 IST" name="Default suite" finished-at="2023-08-01T13:40:03 IST" duration-ms="9752">
    <groups>
    </groups>
    <test started-at="2023-08-01T13:39:53 IST" name="Default test" finished-at="2023-08-01T13:40:03 IST" duration-ms="9752">
      <class name="CustomerTestScript.CustomerTest">
        <test-method is-config="true" signature="openLink()[pri:0, instance:CustomerTestScript.CustomerTest@4bff2185]" started-at="2023-08-01T13:39:53 IST" name="openLink" finished-at="2023-08-01T13:39:55 IST" duration-ms="1702" status="PASS">
          <reporter-output>
          </reporter-output>
        </test-method> <!-- openLink -->
        <test-method signature="Customermethods()[pri:0, instance:CustomerTestScript.CustomerTest@4bff2185]" started-at="2023-08-01T13:39:55 IST" name="Customermethods" finished-at="2023-08-01T13:40:03 IST" duration-ms="8017" status="PASS">
          <reporter-output>
          </reporter-output>
        </test-method> <!-- Customermethods -->
      </class> <!-- CustomerTestScript.CustomerTest -->
    </test> <!-- Default test -->
  </suite> <!-- Default suite -->
</testng-results>
